C:\Users\dell\Desktop\personal\ccc\nyasabox\core\views.py changed, reloading.
Watching for file changes with StatReloader
Starting new HTTPS connection (1): api.paychangu.com:443
https://api.paychangu.com:443 "GET /mobile-money HTTP/1.1" 200 None
Starting new HTTPS connection (1): api.paychangu.com:443
https://api.paychangu.com:443 "GET /mobile-money HTTP/1.1" 200 None
Received form data: {'csrfmiddlewaretoken': ['OoRUfhNO2lbbhJlTqbinUo5yL4Mk3eVLoZVM1UqtI2roTHMWs17pNIYV0AwEkyjc'], 'first_name': ['Ben'], 'last_name': ['Malunga'], 'email': ['benmalunga041@gmail.com'], 'amount': ['50.00'], 'operator_ref_id': ['20be6c20-adeb-4b5b-a7ba-0769820df4fb'], 'mobile': ['993443559']}
Sending payload to PayChangu: {'mobile_money_operator_ref_id': '20be6c20-adeb-4b5b-a7ba-0769820df4fb', 'mobile': '993443559', 'amount': '50', 'charge_id': 'nyasa-e04f5a79-3773-45b1-99c8-53e6db12b175', 'email': 'wavet3ch041@gmail.com', 'first_name': 'Ben', 'last_name': 'Malunga'}
Starting new HTTPS connection (1): api.paychangu.com:443
Starting new HTTPS connection (1): api.paychangu.com:443
https://api.paychangu.com:443 "POST /mobile-money/payments/initialize HTTP/1.1" 400 None
PayChangu response: {'status': 'failed', 'data': None, 'message': {'charge_id': ['Charge ID has already been used.']}}
PayChangu API error: {'charge_id': ['Charge ID has already been used.']}
Bad Request: /process-payment/8/
Not Found: /media/platform_logos/spo.jpg
Starting new HTTPS connection (1): api.paychangu.com:443
https://api.paychangu.com:443 "GET /mobile-money HTTP/1.1" 200 None
Starting new HTTPS connection (1): api.paychangu.com:443
https://api.paychangu.com:443 "GET /mobile-money HTTP/1.1" 200 None
Received form data: {'csrfmiddlewaretoken': ['S7aCRj4F8JYBDvsKCOVt9eGllOc9doKNsIeuDWHkOqeOftTNEEKv2yzIAkWtuI8e'], 'first_name': ['Ben'], 'last_name': ['Malunga'], 'email': ['benmalunga041@gmail.com'], 'amount': ['50.00'], 'operator_ref_id': ['20be6c20-adeb-4b5b-a7ba-0769820df4fb'], 'mobile': ['993443559']}
Sending payload to PayChangu: {'mobile_money_operator_ref_id': '20be6c20-adeb-4b5b-a7ba-0769820df4fb', 'mobile': '993443559', 'amount': '50', 'charge_id': 'nyasa-f44399e8-1650-47a9-a29e-00d2cc6d5f74', 'email': 'wavet3ch041@gmail.com', 'first_name': 'Ben', 'last_name': 'Malunga'}
Starting new HTTPS connection (1): api.paychangu.com:443
Starting new HTTPS connection (1): api.paychangu.com:443
https://api.paychangu.com:443 "POST /mobile-money/payments/initialize HTTP/1.1" 400 None
PayChangu response: {'status': 'failed', 'data': None, 'message': {'charge_id': ['Charge ID has already been used.']}}
PayChangu API error: {'charge_id': ['Charge ID has already been used.']}
Bad Request: /process-payment/9/
Watching for file changes with StatReloader
Not Found: /favicon.ico
Not Found: /favicon.ico
Not Found: /favicon.ico
C:\Users\dell\Desktop\personal\ccc\nyasabox\core\models.py changed, reloading.
Watching for file changes with StatReloader
C:\Users\dell\Desktop\personal\ccc\nyasabox\core\forms.py changed, reloading.
Watching for file changes with StatReloader
C:\Users\dell\Desktop\personal\ccc\nyasabox\core\forms.py changed, reloading.
Watching for file changes with StatReloader
C:\Users\dell\Desktop\personal\ccc\nyasabox\core\models.py changed, reloading.
Watching for file changes with StatReloader
STREAM b'IHDR' 16 13
STREAM b'sRGB' 41 1
STREAM b'gAMA' 54 4
STREAM b'pHYs' 70 9
STREAM b'IDAT' 91 65445
Importing AvifImagePlugin
Importing BlpImagePlugin
Importing BmpImagePlugin
Importing BufrStubImagePlugin
Importing CurImagePlugin
Importing DcxImagePlugin
Importing DdsImagePlugin
Importing EpsImagePlugin
Importing FitsImagePlugin
Importing FliImagePlugin
Importing FpxImagePlugin
Image: failed to import FpxImagePlugin: No module named 'olefile'
Importing FtexImagePlugin
Importing GbrImagePlugin
Importing GifImagePlugin
Importing GribStubImagePlugin
Importing Hdf5StubImagePlugin
Importing IcnsImagePlugin
Importing IcoImagePlugin
Importing ImImagePlugin
Importing ImtImagePlugin
Importing IptcImagePlugin
Importing JpegImagePlugin
Importing Jpeg2KImagePlugin
Importing McIdasImagePlugin
Importing MicImagePlugin
Image: failed to import MicImagePlugin: No module named 'olefile'
Importing MpegImagePlugin
Importing MpoImagePlugin
Importing MspImagePlugin
Importing PalmImagePlugin
Importing PcdImagePlugin
Importing PcxImagePlugin
Importing PdfImagePlugin
Importing PixarImagePlugin
Importing PngImagePlugin
Importing PpmImagePlugin
Importing PsdImagePlugin
Importing QoiImagePlugin
Importing SgiImagePlugin
Importing SpiderImagePlugin
Importing SunImagePlugin
Importing TgaImagePlugin
Importing TiffImagePlugin
Importing WebPImagePlugin
Importing WmfImagePlugin
Importing XbmImagePlugin
Importing XpmImagePlugin
Importing XVThumbImagePlugin
Not Found: /media/1
Not Found: /favicon.ico
Not Found: /media/1
Not Found: /media/tracks/WhatsApp_Ptt_2025-09-04_at_2_OWwPTYV.20.52_PM.ogg
C:\Users\dell\Desktop\personal\ccc\nyasabox\nyasabox\settings.py changed, reloading.
Watching for file changes with StatReloader
